<?xml version="1.0" encoding="UTF-8"?>
<Site BuildName="(empty)"
	BuildStamp="20240211-1500-Experimental"
	Name="Legion"
	Generator="ctest-3.22.1"
	CompilerName="/usr/bin/g++"
	CompilerVersion="11.4.0"
	OSName="Linux"
	Hostname="Legion"
	OSRelease="5.15.133.1-microsoft-standard-WSL2"
	OSVersion="#1 SMP Thu Oct 5 21:02:42 UTC 2023"
	OSPlatform="x86_64"
	Is64Bits="1"
	VendorString="GenuineIntel"
	VendorID="Intel Corporation"
	FamilyID="6"
	ModelID="165"
	ProcessorCacheSize="12288"
	NumberOfLogicalCPU="12"
	NumberOfPhysicalCPU="6"
	TotalVirtualMemory="1024"
	TotalPhysicalMemory="3871"
	LogicalProcessorsPerPhysical="2"
	ProcessorClockFrequency="2496.01"
	>
	<Testing>
		<StartDateTime>Feb 11 20:32 IST</StartDateTime>
		<StartTestTime>1707663743</StartTestTime>
		<TestList/>
		<EndDateTime>Feb 11 20:32 IST</EndDateTime>
		<EndTestTime>1707663743</EndTestTime>
		<ElapsedMinutes>0</ElapsedMinutes>
	</Testing>
</Site>
